<?xml version="1.0" encoding="UTF-8"?>
<!-- Generated by org.testng.reporters.JUnitXMLReporter -->
<testsuite hostname="ChristiansSamsung" ignored="0" name="BasicTest" tests="6" failures="0" timestamp="05 Jun 2019 23:54:14 GMT" time="0.075" errors="0">
  <testcase name="testOneFromBasic1" time="0.009" classname="com.Class03.BasicXMLPartOne"/>
  <testcase name="testThreeFromBasic1" time="0.002" classname="com.Class03.BasicXMLPartOne"/>
  <testcase name="testTwoFromBasic1" time="0.001" classname="com.Class03.BasicXMLPartOne"/>
  <testcase name="testOneFromBasic2" time="0.001" classname="com.Class03.BasicXMLPartTwo"/>
  <testcase name="testThreeFromBasic2" time="0.001" classname="com.Class03.BasicXMLPartTwo"/>
  <testcase name="testTwoFromBasic2" time="0.001" classname="com.Class03.BasicXMLPartTwo"/>
</testsuite> <!-- BasicTest -->
