<?xml version="1.0" encoding="UTF-8"?>
<!-- Generated by org.testng.reporters.JUnitXMLReporter -->
<testsuite hostname="ChristiansSamsung" ignored="2" name="test" tests="1" failures="0" timestamp="06 Jun 2019 01:34:02 GMT" time="7.563" errors="0">
  <testcase name="userOne" time="0.542" classname="com.Class03.TaskOne"/>
  <testcase name="userTwo" time="0.0" classname="com.Class03.TaskOne">
    <ignored/>
  </testcase> <!-- userTwo -->
  <testcase name="userThree" time="0.0" classname="com.Class03.TaskOne">
    <ignored/>
  </testcase> <!-- userThree -->
</testsuite> <!-- test -->
